myapplication/build/outputs/logs/manifest-merger-debug-report.txt
-- Merging decision tree log ---
manifest
ADDED from src/main/AndroidManifest.xml:2:1-65:12
	package
		ADDED from src/main/AndroidManifest.xml:3:5-44
		INJECTED from src/main/AndroidManifest.xml
		INJECTED from src/main/AndroidManifest.xml
	android:versionName
		INJECTED from src/main/AndroidManifest.xml
		INJECTED from src/main/AndroidManifest.xml
	xmlns:android
		ADDED from src/main/AndroidManifest.xml:2:11-69
	android:versionCode
		INJECTED from src/main/AndroidManifest.xml
		INJECTED from src/main/AndroidManifest.xml
uses-permission#android.permission.RECEIVE_BOOT_COMPLETED
ADDED from src/main/AndroidManifest.xml:5:5-81
MERGED from [Tjmille2Camera:plutotjmille2cameralibrary:unspecified] AndroidManifest.xml:15:5-81
	android:name
		ADDED from src/main/AndroidManifest.xml:5:22-78
uses-permission#android.permission.INTERNET
ADDED from src/main/AndroidManifest.xml:6:5-67
MERGED from [Tjmille2Camera:plutotjmille2cameralibrary:unspecified] AndroidManifest.xml:11:5-67
	android:name
		ADDED from src/main/AndroidManifest.xml:6:22-64
uses-permission#android.permission.SYSTEM_ALERT_WINDOW
ADDED from src/main/AndroidManifest.xml:7:5-78
MERGED from [Tjmille2Camera:plutotjmille2cameralibrary:unspecified] AndroidManifest.xml:12:5-78
	android:name
		ADDED from src/main/AndroidManifest.xml:7:22-75
uses-permission#android.permission.CAMERA
ADDED from src/main/AndroidManifest.xml:8:5-65
MERGED from [Tjmille2Camera:plutotjmille2cameralibrary:unspecified] AndroidManifest.xml:13:5-65
	android:name
		ADDED from src/main/AndroidManifest.xml:8:22-62
uses-feature#android.hardware.camera
ADDED from src/main/AndroidManifest.xml:9:5-60
MERGED from [Tjmille2Camera:plutotjmille2cameralibrary:unspecified] AndroidManifest.xml:17:5-60
	android:name
		ADDED from src/main/AndroidManifest.xml:9:19-57
uses-feature#android.hardware.camera.autofocus
ADDED from src/main/AndroidManifest.xml:10:5-69
MERGED from [Tjmille2Camera:plutotjmille2cameralibrary:unspecified] AndroidManifest.xml:18:5-70
	android:name
		ADDED from src/main/AndroidManifest.xml:10:19-67
application
ADDED from src/main/AndroidManifest.xml:12:5-63:19
MERGED from [com.android.support:design:23.1.1] AndroidManifest.xml:22:5-20
MERGED from [com.android.support:appcompat-v7:23.1.1] AndroidManifest.xml:22:5-20
MERGED from [com.android.support:support-v4:23.1.1] AndroidManifest.xml:22:5-20
MERGED from [Tjmille2Camera:plutotjmille2cameralibrary:unspecified] AndroidManifest.xml:20:5-43:19
	android:label
		ADDED from src/main/AndroidManifest.xml:15:9-41
	android:supportsRtl
		ADDED from src/main/AndroidManifest.xml:16:9-35
	android:allowBackup
		ADDED from src/main/AndroidManifest.xml:13:9-35
	android:icon
		ADDED from src/main/AndroidManifest.xml:14:9-43
	android:theme
		ADDED from src/main/AndroidManifest.xml:17:9-40
activity#com.example.tim.myapplication.MainActivity
ADDED from src/main/AndroidManifest.xml:18:9-27:20
	android:label
		ADDED from src/main/AndroidManifest.xml:20:13-45
	android:theme
		ADDED from src/main/AndroidManifest.xml:21:13-56
	android:name
		ADDED from src/main/AndroidManifest.xml:19:13-41
intent-filter#android.intent.action.MAIN+android.intent.category.LAUNCHER
ADDED from src/main/AndroidManifest.xml:22:13-26:29
action#android.intent.action.MAIN
ADDED from src/main/AndroidManifest.xml:23:17-69
	android:name
		ADDED from src/main/AndroidManifest.xml:23:25-66
category#android.intent.category.LAUNCHER
ADDED from src/main/AndroidManifest.xml:25:17-77
	android:name
		ADDED from src/main/AndroidManifest.xml:25:27-74
receiver#com.example.tim.plutotjmille2cameralibrary.receiver.ServiceStarter
ADDED from src/main/AndroidManifest.xml:34:9-42:20
MERGED from [Tjmille2Camera:plutotjmille2cameralibrary:unspecified] AndroidManifest.xml:26:9-34:20
	android:enabled
		ADDED from src/main/AndroidManifest.xml:35:13-37
	android:exported
		ADDED from src/main/AndroidManifest.xml:36:13-37
	android:permission
		ADDED from src/main/AndroidManifest.xml:38:13-76
	android:name
		ADDED from src/main/AndroidManifest.xml:37:13-94
intent-filter#android.intent.action.BOOT_COMPLETED
ADDED from src/main/AndroidManifest.xml:39:13-41:29
action#android.intent.action.BOOT_COMPLETED
ADDED from src/main/AndroidManifest.xml:40:17-78
	android:name
		ADDED from src/main/AndroidManifest.xml:40:25-76
service#com.example.tim.plutotjmille2cameralibrary.service.CameraService
ADDED from src/main/AndroidManifest.xml:51:9-53:38
MERGED from [Tjmille2Camera:plutotjmille2cameralibrary:unspecified] AndroidManifest.xml:40:9-42:39
	android:exported
		ADDED from src/main/AndroidManifest.xml:53:13-36
	android:name
		ADDED from src/main/AndroidManifest.xml:52:13-92
service#com.example.tim.plutotjmille2cameralibrary.service.CameraIntentService
ADDED from src/main/AndroidManifest.xml:55:9-57:38
	android:exported
		ADDED from src/main/AndroidManifest.xml:57:13-36
	android:name
		ADDED from src/main/AndroidManifest.xml:56:13-98
uses-sdk
INJECTED from src/main/AndroidManifest.xml reason: use-sdk injection requested
MERGED from [com.android.support:design:23.1.1] AndroidManifest.xml:20:5-43
MERGED from [com.android.support:appcompat-v7:23.1.1] AndroidManifest.xml:20:5-43
MERGED from [com.android.support:support-v4:23.1.1] AndroidManifest.xml:20:5-43
MERGED from [com.android.support:recyclerview-v7:23.1.1] AndroidManifest.xml:20:5-43
MERGED from [Tjmille2Camera:plutotjmille2cameralibrary:unspecified] AndroidManifest.xml:7:5-9:41
	android:targetSdkVersion
		INJECTED from src/main/AndroidManifest.xml
		INJECTED from src/main/AndroidManifest.xml
	android:minSdkVersion
		INJECTED from src/main/AndroidManifest.xml
		INJECTED from src/main/AndroidManifest.xml